<?xml version="1.0" encoding="UTF-8"?>
<!-- Generated by org.testng.reporters.JUnitXMLReporter -->
<testsuite hostname="LAPTOP-QG1G9QI5" ignored="0" name="Hub Spot Functional Regression Test" tests="6" failures="0" timestamp="31 Jan 2020 00:38:24 GMT" time="28.239" errors="0">
  <testcase name="verifyLoginPageTitleTest" time="5.303" classname="com.qa.hubspot.tests.LoginPageTest"/>
  <testcase name="verifyHomePageTitleTest" time="0.022" classname="com.qa.hubspot.tests.HomePageTest"/>
  <testcase name="verifySignUpLinkTest" time="0.139" classname="com.qa.hubspot.tests.LoginPageTest"/>
  <testcase name="verifyHomePageHeaderTest" time="0.058" classname="com.qa.hubspot.tests.HomePageTest"/>
  <testcase name="loginTest" time="0.958" classname="com.qa.hubspot.tests.LoginPageTest"/>
  <testcase name="verifyLoggedInUserTest" time="0.055" classname="com.qa.hubspot.tests.HomePageTest"/>
</testsuite> <!-- Hub Spot Functional Regression Test -->
