<?xml version="1.0" encoding="UTF-8"?>
<!-- Generated by org.testng.reporters.JUnitXMLReporter -->
<testsuite hostname="LAPTOP-QG1G9QI5" ignored="1" name="Hub Spot Functional Regression Test" tests="6" failures="2" timestamp="21 Feb 2020 22:35:20 GMT" time="26.932" errors="0">
  <testcase name="verifyLoginPageTitleTest" time="4.632" classname="com.qa.hubspot.tests.LoginPageTest"/>
  <testcase name="verifyHomePageTitleTest" time="0.016" classname="com.qa.hubspot.tests.HomePageTest"/>
  <testcase name="verifySignUpLinkTest" time="0.846" classname="com.qa.hubspot.tests.LoginPageTest"/>
  <testcase name="verifyHomePageHeaderTest" time="0.017" classname="com.qa.hubspot.tests.HomePageTest"/>
  <testcase name="loginTest" time="2.249" classname="com.qa.hubspot.tests.LoginPageTest">
    <failure type="java.lang.AssertionError" message="expected [null] but found [null]">
      <![CDATA[java.lang.AssertionError: expected [null] but found [null]
at com.qa.hubspot.tests.LoginPageTest.loginTest(LoginPageTest.java:74)
... Removed 31 stack frames]]>
    </failure>
  </testcase> <!-- loginTest -->
  <testcase name="verifyLoggedInUserTest" time="0.579" classname="com.qa.hubspot.tests.HomePageTest">
    <failure type="java.lang.AssertionError" message="expected [null] but found [minhchau]">
      <![CDATA[java.lang.AssertionError: expected [null] but found [minhchau]
at com.qa.hubspot.tests.HomePageTest.verifyLoggedInUserTest(HomePageTest.java:63)
... Removed 31 stack frames]]>
    </failure>
  </testcase> <!-- verifyLoggedInUserTest -->
  <testcase name="invalidLoginTest" time="0.0" classname="com.qa.hubspot.tests.LoginPageTest">
    <ignored/>
  </testcase> <!-- invalidLoginTest -->
</testsuite> <!-- Hub Spot Functional Regression Test -->
