<?xml version="1.0" encoding="UTF-8"?>
<!-- Generated by org.testng.reporters.JUnitXMLReporter -->
<testsuite hostname="LAPTOP-QG1G9QI5" ignored="1" name="Default test" tests="3" failures="0" timestamp="07 Feb 2020 21:34:00 GMT" time="21.182" errors="0">
  <testcase name="verifyLoginPageTitleTest" time="5.026" classname="com.qa.hubspot.tests.LoginPageTest"/>
  <testcase name="verifySignUpLinkTest" time="0.196" classname="com.qa.hubspot.tests.LoginPageTest"/>
  <testcase name="loginTest" time="3.57" classname="com.qa.hubspot.tests.LoginPageTest"/>
  <testcase name="invalidLoginTest" time="0.0" classname="com.qa.hubspot.tests.LoginPageTest">
    <ignored/>
  </testcase> <!-- invalidLoginTest -->
</testsuite> <!-- Default test -->
