<?xml version="1.0" encoding="UTF-8"?>
<!-- Generated by org.testng.reporters.JUnitXMLReporter -->
<testsuite hostname="LAPTOP-QG1G9QI5" ignored="0" name="Default test" tests="3" failures="0" timestamp="13 Feb 2020 02:45:09 GMT" time="86.285" errors="0">
  <testcase name="verifyContactsPageTitle" time="0.044" classname="com.qa.hubspot.tests.ContactsPageTest"/>
  <testcase name="createContactsTest" time="10.339" classname="com.qa.hubspot.tests.ContactsPageTest"/>
  <testcase name="createContactsTest" time="11.187" classname="com.qa.hubspot.tests.ContactsPageTest"/>
</testsuite> <!-- Default test -->
