<?xml version="1.0" encoding="UTF-8"?>
<!-- Generated by org.testng.reporters.JUnitXMLReporter -->
<testsuite hostname="LAPTOP-QG1G9QI5" ignored="0" name="Hub Spot Functional Test - Chrome" tests="3" failures="0" timestamp="24 Feb 2020 19:27:03 GMT" time="18.435" errors="0">
  <testcase name="verifyHomePageTitleTest" time="1.838" classname="com.qa.hubspot.tests.HomePageTest"/>
  <testcase name="verifyHomePageHeaderTest" time="0.044" classname="com.qa.hubspot.tests.HomePageTest"/>
  <testcase name="verifyLoggedInUserTest" time="0.864" classname="com.qa.hubspot.tests.HomePageTest"/>
</testsuite> <!-- Hub Spot Functional Test - Chrome -->
