<?xml version="1.0" encoding="UTF-8"?>
<!-- Generated by org.testng.reporters.JUnitXMLReporter -->
<testsuite hostname="LAPTOP-QG1G9QI5" ignored="0" name="Hub Spot Functional Test - Firefox" tests="3" failures="0" timestamp="24 Feb 2020 19:27:07 GMT" time="21.642" errors="0">
  <testcase name="verifyHomePageTitleTest" time="1.559" classname="com.qa.hubspot.tests.HomePageTest"/>
  <testcase name="verifyHomePageHeaderTest" time="0.284" classname="com.qa.hubspot.tests.HomePageTest"/>
  <testcase name="verifyLoggedInUserTest" time="1.185" classname="com.qa.hubspot.tests.HomePageTest"/>
</testsuite> <!-- Hub Spot Functional Test - Firefox -->
