-------------------------------------------------------------------------------
Test set: TestSuite
-------------------------------------------------------------------------------
Tests run: 6, Failures: 1, Errors: 0, Skipped: 0, Time elapsed: 41.747 sec <<< FAILURE! - in TestSuite
loginTest(com.qa.hubspot.tests.LoginPageTest)  Time elapsed: 6.863 sec  <<< FAILURE!
java.lang.AssertionError: expected [minhchau] but found [null]
	at com.qa.hubspot.tests.LoginPageTest.loginTest(LoginPageTest.java:74)

