<?xml version="1.0" encoding="UTF-8"?>
<testsuite xmlns:xsi="http://www.w3.org/2001/XMLSchema-instance" xsi:schemaLocation="https://maven.apache.org/surefire/maven-surefire-plugin/xsd/surefire-test-report.xsd" name="TestSuite" time="41.747" tests="6" errors="0" skipped="0" failures="1">
  <properties>
[...]
</properties>
  <testcase name="verifyLoginPageTitleTest" classname="com.qa.hubspot.tests.LoginPageTest" time="6.236"/>
  <testcase name="verifyHomePageTitleTest" classname="com.qa.hubspot.tests.HomePageTest" time="0.025"/>
  <testcase name="verifySignUpLinkTest" classname="com.qa.hubspot.tests.LoginPageTest" time="1.1"/>
  <testcase name="verifyHomePageHeaderTest" classname="com.qa.hubspot.tests.HomePageTest" time="0.083"/>
  <testcase name="loginTest" classname="com.qa.hubspot.tests.LoginPageTest" time="6.863">
    <failure message="expected [minhchau] but found [null]" type="java.lang.AssertionError">java.lang.AssertionError: expected [minhchau] but found [null]
	at com.qa.hubspot.tests.LoginPageTest.loginTest(LoginPageTest.java:74)
</failure>
    <system-out><![CDATA[I am in onTestStart method loginTest start
Some exception has occured while creating the web element.
Some exception has occured while getting the web element's text.
Logged in account name is null
I am in onTestFailure method loginTest failed
Screenshot captured for test case:loginTest
]]></system-out>
    <system-err><![CDATA[[1582332856.127][SEVERE]: Timed out receiving message from renderer: 0.100
[1582332856.594][SEVERE]: Timed out receiving message from renderer: 0.100
]]></system-err>
  </testcase>
  <testcase name="verifyLoggedInUserTest" classname="com.qa.hubspot.tests.HomePageTest" time="0.866"/>
</testsuite>