<?xml version="1.0" encoding="UTF-8"?>
<testng-results skipped="0" failed="0" ignored="1" total="4" passed="3">
  <reporter-output>
  </reporter-output>
  <suite name="Default suite" duration-ms="21182" started-at="2020-02-07T21:33:39Z" finished-at="2020-02-07T21:34:00Z">
    <groups>
    </groups>
    <test name="Default test" duration-ms="21182" started-at="2020-02-07T21:33:39Z" finished-at="2020-02-07T21:34:00Z">
      <class name="com.qa.hubspot.tests.LoginPageTest">
        <test-method status="PASS" signature="setUp()[pri:0, instance:com.qa.hubspot.tests.LoginPageTest@523884b2]" name="setUp" is-config="true" duration-ms="10312" started-at="2020-02-07T21:33:39Z" finished-at="2020-02-07T21:33:49Z">
          <reporter-output>
          </reporter-output>
        </test-method> <!-- setUp -->
        <test-method status="PASS" signature="verifyLoginPageTitleTest()[pri:1, instance:com.qa.hubspot.tests.LoginPageTest@523884b2]" name="verifyLoginPageTitleTest" duration-ms="5026" started-at="2020-02-07T21:33:49Z" finished-at="2020-02-07T21:33:54Z">
          <reporter-output>
          </reporter-output>
        </test-method> <!-- verifyLoginPageTitleTest -->
        <test-method status="PASS" signature="verifySignUpLinkTest()[pri:2, instance:com.qa.hubspot.tests.LoginPageTest@523884b2]" name="verifySignUpLinkTest" duration-ms="196" started-at="2020-02-07T21:33:54Z" finished-at="2020-02-07T21:33:54Z">
          <reporter-output>
          </reporter-output>
        </test-method> <!-- verifySignUpLinkTest -->
        <test-method status="PASS" signature="loginTest()[pri:3, instance:com.qa.hubspot.tests.LoginPageTest@523884b2]" name="loginTest" duration-ms="3570" started-at="2020-02-07T21:33:54Z" finished-at="2020-02-07T21:33:58Z">
          <reporter-output>
          </reporter-output>
        </test-method> <!-- loginTest -->
        <test-method status="PASS" signature="tearDown()[pri:0, instance:com.qa.hubspot.tests.LoginPageTest@523884b2]" name="tearDown" is-config="true" duration-ms="2032" started-at="2020-02-07T21:33:58Z" finished-at="2020-02-07T21:34:00Z">
          <reporter-output>
          </reporter-output>
        </test-method> <!-- tearDown -->
      </class> <!-- com.qa.hubspot.tests.LoginPageTest -->
    </test> <!-- Default test -->
  </suite> <!-- Default suite -->
</testng-results>
